<?xml version="1.0" encoding="UTF-8"?>
<!-- Generated by org.testng.reporters.JUnitReportReporter -->
<testsuite hostname="Jatin" failures="0" tests="3" name="OrangeHRM.OrageHRMpracticeDemo" time="20.055" errors="0" timestamp="2024-06-11T15:10:34 IST" skipped="0">
  <testcase classname="OrangeHRM.OrageHRMpracticeDemo" name="LoginwithInvalidcredentials" time="3.760"/>
  <system-out/>
  <testcase classname="OrangeHRM.OrageHRMpracticeDemo" name="loginwithValidCredentials" time="3.834"/>
  <system-out/>
  <testcase classname="OrangeHRM.OrageHRMpracticeDemo" name="AddemployandVerify" time="12.461"/>
  <system-out/>
</testsuite> <!-- OrangeHRM.OrageHRMpracticeDemo -->
